2025-03-02T18:08:17.738+02:00  WARN 27590 --- [ai-speech-transcriber] [http-nio-8080-exec-2] c.d.a.e.ExceptionHandlerCustomized       : Request rejected due to a file size limit issue.
2025-03-02T18:08:20.158+02:00  WARN 27590 --- [ai-speech-transcriber] [http-nio-8080-exec-4] c.d.a.e.ExceptionHandlerCustomized       : Request rejected due to a file size limit issue.
2025-03-02T18:08:22.100+02:00  WARN 27590 --- [ai-speech-transcriber] [http-nio-8080-exec-6] c.d.a.e.ExceptionHandlerCustomized       : Request rejected due to a file size limit issue.
2025-03-02T18:08:25.277+02:00  INFO 27639 --- [ai-speech-transcriber] [main] c.dev.ai_speech_transcriber.Application  : Starting Application using Java 21.0.5 with PID 27639 (/Users/alin-radu/alinSpinjitzu/personal/courses/Java-Spring/z-spring-boot-ai-projects/spring-boot-ai-projects/ai-speech-transcriber/target/classes started by alin-radu in /Users/alin-radu/alinSpinjitzu/personal/courses/Java-Spring/z-spring-boot-ai-projects/spring-boot-ai-projects/ai-speech-transcriber)
2025-03-02T18:08:25.277+02:00 DEBUG 27639 --- [ai-speech-transcriber] [main] c.dev.ai_speech_transcriber.Application  : Running with Spring Boot v3.4.3, Spring v6.2.3
2025-03-02T18:08:25.277+02:00  INFO 27639 --- [ai-speech-transcriber] [main] c.dev.ai_speech_transcriber.Application  : No active profile set, falling back to 1 default profile: "default"
2025-03-02T18:08:25.854+02:00  INFO 27639 --- [ai-speech-transcriber] [main] c.dev.ai_speech_transcriber.Application  : Started Application in 0.709 seconds (process running for 0.903)
2025-03-02T18:11:12.720+02:00  INFO 27977 --- [ai-speech-transcriber] [main] c.dev.ai_speech_transcriber.Application  : Starting Application using Java 21.0.5 with PID 27977 (/Users/alin-radu/alinSpinjitzu/personal/courses/Java-Spring/z-spring-boot-ai-projects/spring-boot-ai-projects/ai-speech-transcriber/target/classes started by alin-radu in /Users/alin-radu/alinSpinjitzu/personal/courses/Java-Spring/z-spring-boot-ai-projects/spring-boot-ai-projects/ai-speech-transcriber)
2025-03-02T18:11:12.720+02:00 DEBUG 27977 --- [ai-speech-transcriber] [main] c.dev.ai_speech_transcriber.Application  : Running with Spring Boot v3.4.3, Spring v6.2.3
2025-03-02T18:11:12.721+02:00  INFO 27977 --- [ai-speech-transcriber] [main] c.dev.ai_speech_transcriber.Application  : No active profile set, falling back to 1 default profile: "default"
2025-03-02T18:11:13.290+02:00  INFO 27977 --- [ai-speech-transcriber] [main] c.dev.ai_speech_transcriber.Application  : Started Application in 0.702 seconds (process running for 0.9)
2025-03-02T18:11:18.722+02:00  WARN 27977 --- [ai-speech-transcriber] [http-nio-8080-exec-2] c.d.a.e.ExceptionHandlerCustomized       : Request rejected due to a file size limit issue.
2025-03-02T18:11:46.542+02:00  INFO 28048 --- [ai-speech-transcriber] [main] c.dev.ai_speech_transcriber.Application  : Starting Application using Java 21.0.5 with PID 28048 (/Users/alin-radu/alinSpinjitzu/personal/courses/Java-Spring/z-spring-boot-ai-projects/spring-boot-ai-projects/ai-speech-transcriber/target/classes started by alin-radu in /Users/alin-radu/alinSpinjitzu/personal/courses/Java-Spring/z-spring-boot-ai-projects/spring-boot-ai-projects/ai-speech-transcriber)
2025-03-02T18:11:46.543+02:00 DEBUG 28048 --- [ai-speech-transcriber] [main] c.dev.ai_speech_transcriber.Application  : Running with Spring Boot v3.4.3, Spring v6.2.3
2025-03-02T18:11:46.543+02:00  INFO 28048 --- [ai-speech-transcriber] [main] c.dev.ai_speech_transcriber.Application  : No active profile set, falling back to 1 default profile: "default"
2025-03-02T18:11:47.171+02:00  INFO 28048 --- [ai-speech-transcriber] [main] c.dev.ai_speech_transcriber.Application  : Started Application in 0.759 seconds (process running for 0.963)
2025-03-02T18:11:51.626+02:00  WARN 28048 --- [ai-speech-transcriber] [http-nio-8080-exec-1] c.d.a.controllers.TranscriberController  : Request rejected due to a file size limit issue: 2.589 MB.
2025-03-02T18:11:51.628+02:00  WARN 28048 --- [ai-speech-transcriber] [http-nio-8080-exec-1] c.d.a.e.ExceptionHandlerCustomized       : Request rejected due to a file size limit issue.
2025-03-02T18:13:45.934+02:00  INFO 28294 --- [ai-speech-transcriber] [main] c.dev.ai_speech_transcriber.Application  : Starting Application using Java 21.0.5 with PID 28294 (/Users/alin-radu/alinSpinjitzu/personal/courses/Java-Spring/z-spring-boot-ai-projects/spring-boot-ai-projects/ai-speech-transcriber/target/classes started by alin-radu in /Users/alin-radu/alinSpinjitzu/personal/courses/Java-Spring/z-spring-boot-ai-projects/spring-boot-ai-projects/ai-speech-transcriber)
2025-03-02T18:13:45.934+02:00 DEBUG 28294 --- [ai-speech-transcriber] [main] c.dev.ai_speech_transcriber.Application  : Running with Spring Boot v3.4.3, Spring v6.2.3
2025-03-02T18:13:45.934+02:00  INFO 28294 --- [ai-speech-transcriber] [main] c.dev.ai_speech_transcriber.Application  : No active profile set, falling back to 1 default profile: "default"
2025-03-02T18:13:46.526+02:00  INFO 28294 --- [ai-speech-transcriber] [main] c.dev.ai_speech_transcriber.Application  : Started Application in 0.722 seconds (process running for 0.921)
2025-03-02T18:13:48.811+02:00  WARN 28294 --- [ai-speech-transcriber] [http-nio-8080-exec-2] c.d.a.e.ExceptionHandlerCustomized       : Request rejected due to a file size limit issue.
2025-03-02T18:13:52.696+02:00  WARN 28294 --- [ai-speech-transcriber] [http-nio-8080-exec-4] c.d.a.e.ExceptionHandlerCustomized       : Request rejected due to a file size limit issue.
2025-03-02T18:15:15.142+02:00  WARN 28294 --- [ai-speech-transcriber] [http-nio-8080-exec-6] c.d.a.e.ExceptionHandlerCustomized       : Request rejected due to a file size limit issue.
2025-03-02T18:16:17.402+02:00  INFO 28603 --- [ai-speech-transcriber] [main] c.dev.ai_speech_transcriber.Application  : Starting Application using Java 21.0.5 with PID 28603 (/Users/alin-radu/alinSpinjitzu/personal/courses/Java-Spring/z-spring-boot-ai-projects/spring-boot-ai-projects/ai-speech-transcriber/target/classes started by alin-radu in /Users/alin-radu/alinSpinjitzu/personal/courses/Java-Spring/z-spring-boot-ai-projects/spring-boot-ai-projects/ai-speech-transcriber)
2025-03-02T18:16:17.403+02:00 DEBUG 28603 --- [ai-speech-transcriber] [main] c.dev.ai_speech_transcriber.Application  : Running with Spring Boot v3.4.3, Spring v6.2.3
2025-03-02T18:16:17.403+02:00  INFO 28603 --- [ai-speech-transcriber] [main] c.dev.ai_speech_transcriber.Application  : No active profile set, falling back to 1 default profile: "default"
2025-03-02T18:16:17.985+02:00  INFO 28603 --- [ai-speech-transcriber] [main] c.dev.ai_speech_transcriber.Application  : Started Application in 0.724 seconds (process running for 0.923)
2025-03-02T18:16:24.828+02:00  WARN 28603 --- [ai-speech-transcriber] [http-nio-8080-exec-1] c.d.a.e.ExceptionHandlerCustomized       : Request rejected due to a file size limit issue.
2025-03-02T18:16:28.167+02:00  WARN 28603 --- [ai-speech-transcriber] [http-nio-8080-exec-4] c.d.a.e.ExceptionHandlerCustomized       : Request rejected due to a file size limit issue.
2025-03-02T18:16:47.304+02:00  INFO 28671 --- [ai-speech-transcriber] [main] c.dev.ai_speech_transcriber.Application  : Starting Application using Java 21.0.5 with PID 28671 (/Users/alin-radu/alinSpinjitzu/personal/courses/Java-Spring/z-spring-boot-ai-projects/spring-boot-ai-projects/ai-speech-transcriber/target/classes started by alin-radu in /Users/alin-radu/alinSpinjitzu/personal/courses/Java-Spring/z-spring-boot-ai-projects/spring-boot-ai-projects/ai-speech-transcriber)
2025-03-02T18:16:47.305+02:00 DEBUG 28671 --- [ai-speech-transcriber] [main] c.dev.ai_speech_transcriber.Application  : Running with Spring Boot v3.4.3, Spring v6.2.3
2025-03-02T18:16:47.305+02:00  INFO 28671 --- [ai-speech-transcriber] [main] c.dev.ai_speech_transcriber.Application  : No active profile set, falling back to 1 default profile: "default"
2025-03-02T18:16:47.921+02:00  INFO 28671 --- [ai-speech-transcriber] [main] c.dev.ai_speech_transcriber.Application  : Started Application in 0.751 seconds (process running for 0.953)
2025-03-02T18:20:19.575+02:00  INFO 28671 --- [ai-speech-transcriber] [http-nio-8080-exec-2] c.d.a.controllers.TranscriberController  : TempFile was deleted.
2025-03-02T18:20:27.063+02:00  INFO 28671 --- [ai-speech-transcriber] [http-nio-8080-exec-3] c.d.a.controllers.TranscriberController  : TempFile was deleted.
2025-03-02T18:20:44.900+02:00  INFO 29160 --- [ai-speech-transcriber] [main] c.dev.ai_speech_transcriber.Application  : Starting Application using Java 21.0.5 with PID 29160 (/Users/alin-radu/alinSpinjitzu/personal/courses/Java-Spring/z-spring-boot-ai-projects/spring-boot-ai-projects/ai-speech-transcriber/target/classes started by alin-radu in /Users/alin-radu/alinSpinjitzu/personal/courses/Java-Spring/z-spring-boot-ai-projects/spring-boot-ai-projects/ai-speech-transcriber)
2025-03-02T18:20:44.901+02:00 DEBUG 29160 --- [ai-speech-transcriber] [main] c.dev.ai_speech_transcriber.Application  : Running with Spring Boot v3.4.3, Spring v6.2.3
2025-03-02T18:20:44.901+02:00  INFO 29160 --- [ai-speech-transcriber] [main] c.dev.ai_speech_transcriber.Application  : No active profile set, falling back to 1 default profile: "default"
2025-03-02T18:20:45.506+02:00  INFO 29160 --- [ai-speech-transcriber] [main] c.dev.ai_speech_transcriber.Application  : Started Application in 0.739 seconds (process running for 0.939)
2025-03-02T18:20:49.947+02:00  INFO 29160 --- [ai-speech-transcriber] [http-nio-8080-exec-2] c.d.a.controllers.TranscriberController  : TempFile was deleted.
